<?xml version="1.0" encoding="UTF-8"?>
<testsuites name="Mocha Tests" time="9.959" tests="1" failures="1">
  <testsuite name="Root Suite" timestamp="2025-09-22T13:03:15" tests="0" file="cypress\e2e\search\search.feature" time="0.000" failures="0">
  </testsuite>
  <testsuite name="Arama" timestamp="2025-09-22T13:03:15" tests="1" time="9.956" failures="1">
    <testcase name="Arama &quot;dress&quot; araması sonuç döndürür" time="0.000" classname="&quot;dress&quot; araması sonuç döndürür">
      <failure message="Timed out retrying after 4000ms: Expected to find element: `#search_product`, but never found it." type="AssertionError"><![CDATA[AssertionError: Timed out retrying after 4000ms: Expected to find element: `#search_product`, but never found it.
    at Context.eval (https://automationexercise.com/__cypress/tests?p=cypress\e2e\search\search.feature:16441:35)
    at Registry.runStepDefininition (https://automationexercise.com/__cypress/tests?p=cypress\e2e\search\search.feature:8502:48)
    at Object.fn (https://automationexercise.com/__cypress/tests?p=cypress\e2e\search\search.feature:15701:43)
    at runStepWithLogGroup (https://automationexercise.com/__cypress/tests?p=cypress\e2e\search\search.feature:15174:29)
    at Context.eval (https://automationexercise.com/__cypress/tests?p=cypress\e2e\search\search.feature:15697:62)]]></failure>
    </testcase>
  </testsuite>
</testsuites>